

> @human-0/docs@1.6.0 build /home/ed/Documents/LSTS/human-0.com/apps/docs
> docusaurus build

[36m[1m[INFO][22m[39m [34m[1m[en][22m[39m Creating an optimized production build...

[32m●[39m [32mClient[39m [37m█[39m[37m█[39m[37m█[39m[37m█[39m[37m█[39m[37m█[39m[37m█[39m[37m█[39m[37m█[39m[37m█[39m[37m█[39m[37m█[39m[37m█[39m[37m█[39m[37m█[39m[37m█[39m[37m█[39m[37m█[39m[37m█[39m[37m█[39m[37m█[39m[37m█[39m[37m█[39m[37m█[39m[37m█[39m  (0%)  
 

[33m◯ Server[39m
[90m  [39m

[2K[1A[2K[1A[2K[1A[2K[1A[2K[1A[2K[1A[2K[1A[2K[G
[32m●[39m [32mClient[39m [32m█[39m[32m█[39m[32m█[39m[37m█[39m[37m█[39m[37m█[39m[37m█[39m[37m█[39m[37m█[39m[37m█[39m[37m█[39m[37m█[39m[37m█[39m[37m█[39m[37m█[39m[37m█[39m[37m█[39m[37m█[39m[37m█[39m[37m█[39m[37m█[39m[37m█[39m[37m█[39m[37m█[39m[37m█[39m building (10%) [90m0/1 entries 0/0 dependencies 0/0 modules 0 active[39m 
 

[33m●[39m [33mServer[39m [33m█[39m[33m█[39m[37m█[39m[37m█[39m[37m█[39m[37m█[39m[37m█[39m[37m█[39m[37m█[39m[37m█[39m[37m█[39m[37m█[39m[37m█[39m[37m█[39m[37m█[39m[37m█[39m[37m█[39m[37m█[39m[37m█[39m[37m█[39m[37m█[39m[37m█[39m[37m█[39m[37m█[39m[37m█[39m setup (8%)  
 [90mcompilation[39m

[2K[1A[2K[1A[2K[1A[2K[1A[2K[1A[2K[1A[2K[1A[2K[G
[32m●[39m [32mClient[39m [32m█[39m[32m█[39m[32m█[39m[37m█[39m[37m█[39m[37m█[39m[37m█[39m[37m█[39m[37m█[39m[37m█[39m[37m█[39m[37m█[39m[37m█[39m[37m█[39m[37m█[39m[37m█[39m[37m█[39m[37m█[39m[37m█[39m[37m█[39m[37m█[39m[37m█[39m[37m█[39m[37m█[39m[37m█[39m building (10%) [90m0/1 entries 0/0 dependencies 0/0 modules 0 active[39m 
 

[33m●[39m [33mServer[39m [33m█[39m[33m█[39m[33m█[39m[37m█[39m[37m█[39m[37m█[39m[37m█[39m[37m█[39m[37m█[39m[37m█[39m[37m█[39m[37m█[39m[37m█[39m[37m█[39m[37m█[39m[37m█[39m[37m█[39m[37m█[39m[37m█[39m[37m█[39m[37m█[39m[37m█[39m[37m█[39m[37m█[39m[37m█[39m building (10%) [90m0/1 entries 1/1 dependencies 0/0 modules 0 active[39m 
 

[2K[1A[2K[1A[2K[1A[2K[1A[2K[1A[2K[1A[2K[1A[2K[G
[32m●[39m [32mClient[39m [32m█[39m[32m█[39m[32m█[39m[37m█[39m[37m█[39m[37m█[39m[37m█[39m[37m█[39m[37m█[39m[37m█[39m[37m█[39m[37m█[39m[37m█[39m[37m█[39m[37m█[39m[37m█[39m[37m█[39m[37m█[39m[37m█[39m[37m█[39m[37m█[39m[37m█[39m[37m█[39m[37m█[39m[37m█[39m building (10%) [90m0/1 entries 0/0 dependencies 0/0 modules 0 active[39m 
 

[33m●[39m [33mServer[39m [33m█[39m[33m█[39m[33m█[39m[37m█[39m[37m█[39m[37m█[39m[37m█[39m[37m█[39m[37m█[39m[37m█[39m[37m█[39m[37m█[39m[37m█[39m[37m█[39m[37m█[39m[37m█[39m[37m█[39m[37m█[39m[37m█[39m[37m█[39m[37m█[39m[37m█[39m[37m█[39m[37m█[39m[37m█[39m building (10%) [90m0/1 entries 27/82 dependencies 5/22 modules 1 active[39m 
 [90mjson|/home/ed/Documents/LSTS/human-0.com/apps/docs/.docusaurus/site-metadata.json[39m

[2K[1A[2K[1A[2K[1A[2K[1A[2K[1A[2K[1A[2K[1A[2K[G
[32m●[39m [32mClient[39m [32m█[39m[32m█[39m[32m█[39m[37m█[39m[37m█[39m[37m█[39m[37m█[39m[37m█[39m[37m█[39m[37m█[39m[37m█[39m[37m█[39m[37m█[39m[37m█[39m[37m█[39m[37m█[39m[37m█[39m[37m█[39m[37m█[39m[37m█[39m[37m█[39m[37m█[39m[37m█[39m[37m█[39m[37m█[39m building (10%) [90m0/1 entries 0/0 dependencies 0/0 modules 0 active[39m 
 

[33m●[39m [33mServer[39m [33m█[39m[33m█[39m[33m█[39m[33m█[39m[37m█[39m[37m█[39m[37m█[39m[37m█[39m[37m█[39m[37m█[39m[37m█[39m[37m█[39m[37m█[39m[37m█[39m[37m█[39m[37m█[39m[37m█[39m[37m█[39m[37m█[39m[37m█[39m[37m█[39m[37m█[39m[37m█[39m[37m█[39m[37m█[39m building (14%) [90m0/1 entries 193/272 dependencies 39/100 modules 0 active[39m 
 

[2K[1A[2K[1A[2K[1A[2K[1A[2K[1A[2K[1A[2K[1A[2K[G
[32m●[39m [32mClient[39m [32m█[39m[32m█[39m[32m█[39m[37m█[39m[37m█[39m[37m█[39m[37m█[39m[37m█[39m[37m█[39m[37m█[39m[37m█[39m[37m█[39m[37m█[39m[37m█[39m[37m█[39m[37m█[39m[37m█[39m[37m█[39m[37m█[39m[37m█[39m[37m█[39m[37m█[39m[37m█[39m[37m█[39m[37m█[39m building (10%) [90m0/1 entries 0/0 dependencies 0/0 modules 0 active[39m 
 

[33m●[39m [33mServer[39m [33m█[39m[33m█[39m[33m█[39m[33m█[39m[33m█[39m[37m█[39m[37m█[39m[37m█[39m[37m█[39m[37m█[39m[37m█[39m[37m█[39m[37m█[39m[37m█[39m[37m█[39m[37m█[39m[37m█[39m[37m█[39m[37m█[39m[37m█[39m[37m█[39m[37m█[39m[37m█[39m[37m█[39m[37m█[39m building (20%) [90m0/1 entries 400/439 dependencies 98/144 modules 0 active[39m 
 

[2K[1A[2K[1A[2K[1A[2K[1A[2K[1A[2K[1A[2K[1A[2K[G
[32m●[39m [32mClient[39m [32m█[39m[32m█[39m[32m█[39m[37m█[39m[37m█[39m[37m█[39m[37m█[39m[37m█[39m[37m█[39m[37m█[39m[37m█[39m[37m█[39m[37m█[39m[37m█[39m[37m█[39m[37m█[39m[37m█[39m[37m█[39m[37m█[39m[37m█[39m[37m█[39m[37m█[39m[37m█[39m[37m█[39m[37m█[39m building (10%) [90m0/1 entries 0/0 dependencies 0/0 modules 0 active[39m 
 

[33m●[39m [33mServer[39m [33m█[39m[33m█[39m[33m█[39m[33m█[39m[33m█[39m[33m█[39m[33m█[39m[37m█[39m[37m█[39m[37m█[39m[37m█[39m[37m█[39m[37m█[39m[37m█[39m[37m█[39m[37m█[39m[37m█[39m[37m█[39m[37m█[39m[37m█[39m[37m█[39m[37m█[39m[37m█[39m[37m█[39m[37m█[39m building (25%) [90m0/1 entries 500/551 dependencies 154/189 modules 0 active[39m 
 

[2K[1A[2K[1A[2K[1A[2K[1A[2K[1A[2K[1A[2K[1A[2K[G
[32m●[39m [32mClient[39m [32m█[39m[32m█[39m[32m█[39m[37m█[39m[37m█[39m[37m█[39m[37m█[39m[37m█[39m[37m█[39m[37m█[39m[37m█[39m[37m█[39m[37m█[39m[37m█[39m[37m█[39m[37m█[39m[37m█[39m[37m█[39m[37m█[39m[37m█[39m[37m█[39m[37m█[39m[37m█[39m[37m█[39m[37m█[39m building (10%) [90m0/1 entries 0/0 dependencies 0/0 modules 0 active[39m 
 

[33m●[39m [33mServer[39m [33m█[39m[33m█[39m[33m█[39m[33m█[39m[33m█[39m[33m█[39m[33m█[39m[37m█[39m[37m█[39m[37m█[39m[37m█[39m[37m█[39m[37m█[39m[37m█[39m[37m█[39m[37m█[39m[37m█[39m[37m█[39m[37m█[39m[37m█[39m[37m█[39m[37m█[39m[37m█[39m[37m█[39m[37m█[39m building (27%) [90m0/1 entries 567/666 dependencies 162/200 modules 0 active[39m 
 

[2K[1A[2K[1A[2K[1A[2K[1A[2K[1A[2K[1A[2K[1A[2K[G
[32m●[39m [32mClient[39m [32m█[39m[32m█[39m[32m█[39m[37m█[39m[37m█[39m[37m█[39m[37m█[39m[37m█[39m[37m█[39m[37m█[39m[37m█[39m[37m█[39m[37m█[39m[37m█[39m[37m█[39m[37m█[39m[37m█[39m[37m█[39m[37m█[39m[37m█[39m[37m█[39m[37m█[39m[37m█[39m[37m█[39m[37m█[39m building (10%) [90m0/1 entries 1/1 dependencies 0/0 modules 0 active[39m 
 

[33m●[39m [33mServer[39m [33m█[39m[33m█[39m[33m█[39m[33m█[39m[33m█[39m[33m█[39m[33m█[39m[37m█[39m[37m█[39m[37m█[39m[37m█[39m[37m█[39m[37m█[39m[37m█[39m[37m█[39m[37m█[39m[37m█[39m[37m█[39m[37m█[39m[37m█[39m[37m█[39m[37m█[39m[37m█[39m[37m█[39m[37m█[39m building (27%) [90m0/1 entries 567/666 dependencies 162/200 modules 0 active[39m 
 

[2K[1A[2K[1A[2K[1A[2K[1A[2K[1A[2K[1A[2K[1A[2K[G
[32m●[39m [32mClient[39m [32m█[39m[32m█[39m[32m█[39m[37m█[39m[37m█[39m[37m█[39m[37m█[39m[37m█[39m[37m█[39m[37m█[39m[37m█[39m[37m█[39m[37m█[39m[37m█[39m[37m█[39m[37m█[39m[37m█[39m[37m█[39m[37m█[39m[37m█[39m[37m█[39m[37m█[39m[37m█[39m[37m█[39m[37m█[39m building (10%) [90m0/1 entries 2/11 dependencies 0/1 modules 0 active[39m 
 

[33m●[39m [33mServer[39m [33m█[39m[33m█[39m[33m█[39m[33m█[39m[33m█[39m[33m█[39m[33m█[39m[37m█[39m[37m█[39m[37m█[39m[37m█[39m[37m█[39m[37m█[39m[37m█[39m[37m█[39m[37m█[39m[37m█[39m[37m█[39m[37m█[39m[37m█[39m[37m█[39m[37m█[39m[37m█[39m[37m█[39m[37m█[39m building (27%) [90m0/1 entries 567/666 dependencies 162/200 modules 0 active[39m 
 

[2K[1A[2K[1A[2K[1A[2K[1A[2K[1A[2K[1A[2K[1A[2K[G
[32m●[39m [32mClient[39m [32m█[39m[32m█[39m[32m█[39m[37m█[39m[37m█[39m[37m█[39m[37m█[39m[37m█[39m[37m█[39m[37m█[39m[37m█[39m[37m█[39m[37m█[39m[37m█[39m[37m█[39m[37m█[39m[37m█[39m[37m█[39m[37m█[39m[37m█[39m[37m█[39m[37m█[39m[37m█[39m[37m█[39m[37m█[39m building (10%) [90m0/1 entries 2/11 dependencies 0/1 modules 0 active[39m 
 

[33m●[39m [33mServer[39m [33m█[39m[33m█[39m[33m█[39m[33m█[39m[33m█[39m[33m█[39m[33m█[39m[33m█[39m[37m█[39m[37m█[39m[37m█[39m[37m█[39m[37m█[39m[37m█[39m[37m█[39m[37m█[39m[37m█[39m[37m█[39m[37m█[39m[37m█[39m[37m█[39m[37m█[39m[37m█[39m[37m█[39m[37m█[39m building (30%) [90m0/1 entries 659/736 dependencies 200/230 modules 0 active[39m 
 

[2K[1A[2K[1A[2K[1A[2K[1A[2K[1A[2K[1A[2K[1A[2K[G
[32m●[39m [32mClient[39m [32m█[39m[32m█[39m[32m█[39m[37m█[39m[37m█[39m[37m█[39m[37m█[39m[37m█[39m[37m█[39m[37m█[39m[37m█[39m[37m█[39m[37m█[39m[37m█[39m[37m█[39m[37m█[39m[37m█[39m[37m█[39m[37m█[39m[37m█[39m[37m█[39m[37m█[39m[37m█[39m[37m█[39m[37m█[39m building (10%) [90m0/1 entries 21/73 dependencies 3/17 modules 1 active[39m 
 [90mjson|/home/ed/Documents/LSTS/human-0.com/apps/docs/.docusaurus/site-metadata.json[39m

[33m●[39m [33mServer[39m [33m█[39m[33m█[39m[33m█[39m[33m█[39m[33m█[39m[33m█[39m[33m█[39m[33m█[39m[37m█[39m[37m█[39m[37m█[39m[37m█[39m[37m█[39m[37m█[39m[37m█[39m[37m█[39m[37m█[39m[37m█[39m[37m█[39m[37m█[39m[37m█[39m[37m█[39m[37m█[39m[37m█[39m[37m█[39m building (30%) [90m0/1 entries 659/736 dependencies 200/230 modules 0 active[39m 
 

[2K[1A[2K[1A[2K[1A[2K[1A[2K[1A[2K[1A[2K[1A[2K[G
[32m●[39m [32mClient[39m [32m█[39m[32m█[39m[32m█[39m[37m█[39m[37m█[39m[37m█[39m[37m█[39m[37m█[39m[37m█[39m[37m█[39m[37m█[39m[37m█[39m[37m█[39m[37m█[39m[37m█[39m[37m█[39m[37m█[39m[37m█[39m[37m█[39m[37m█[39m[37m█[39m[37m█[39m[37m█[39m[37m█[39m[37m█[39m building (10%) [90m0/1 entries 21/73 dependencies 3/17 modules 1 active[39m 
 [90mjson|/home/ed/Documents/LSTS/human-0.com/apps/docs/.docusaurus/site-metadata.json[39m

[33m●[39m [33mServer[39m [33m█[39m[33m█[39m[33m█[39m[33m█[39m[33m█[39m[33m█[39m[33m█[39m[33m█[39m[37m█[39m[37m█[39m[37m█[39m[37m█[39m[37m█[39m[37m█[39m[37m█[39m[37m█[39m[37m█[39m[37m█[39m[37m█[39m[37m█[39m[37m█[39m[37m█[39m[37m█[39m[37m█[39m[37m█[39m building (31%) [90m0/1 entries 800/857 dependencies 205/273 modules 0 active[39m 
 

[2K[1A[2K[1A[2K[1A[2K[1A[2K[1A[2K[1A[2K[1A[2K[G
[32m●[39m [32mClient[39m [32m█[39m[32m█[39m[32m█[39m[37m█[39m[37m█[39m[37m█[39m[37m█[39m[37m█[39m[37m█[39m[37m█[39m[37m█[39m[37m█[39m[37m█[39m[37m█[39m[37m█[39m[37m█[39m[37m█[39m[37m█[39m[37m█[39m[37m█[39m[37m█[39m[37m█[39m[37m█[39m[37m█[39m[37m█[39m building (10%) [90m0/1 entries 22/73 dependencies 4/17 modules 0 active[39m 
 

[33m●[39m [33mServer[39m [33m█[39m[33m█[39m[33m█[39m[33m█[39m[33m█[39m[33m█[39m[33m█[39m[33m█[39m[37m█[39m[37m█[39m[37m█[39m[37m█[39m[37m█[39m[37m█[39m[37m█[39m[37m█[39m[37m█[39m[37m█[39m[37m█[39m[37m█[39m[37m█[39m[37m█[39m[37m█[39m[37m█[39m[37m█[39m building (31%) [90m0/1 entries 800/857 dependencies 205/273 modules 0 active[39m 
 

[2K[1A[2K[1A[2K[1A[2K[1A[2K[1A[2K[1A[2K[1A[2K[G
[32m●[39m [32mClient[39m [32m█[39m[32m█[39m[32m█[39m[37m█[39m[37m█[39m[37m█[39m[37m█[39m[37m█[39m[37m█[39m[37m█[39m[37m█[39m[37m█[39m[37m█[39m[37m█[39m[37m█[39m[37m█[39m[37m█[39m[37m█[39m[37m█[39m[37m█[39m[37m█[39m[37m█[39m[37m█[39m[37m█[39m[37m█[39m building (10%) [90m0/1 entries 22/73 dependencies 4/17 modules 0 active[39m 
 

[33m●[39m [33mServer[39m [33m█[39m[33m█[39m[33m█[39m[33m█[39m[33m█[39m[33m█[39m[33m█[39m[33m█[39m[33m█[39m[37m█[39m[37m█[39m[37m█[39m[37m█[39m[37m█[39m[37m█[39m[37m█[39m[37m█[39m[37m█[39m[37m█[39m[37m█[39m[37m█[39m[37m█[39m[37m█[39m[37m█[39m[37m█[39m building (33%) [90m0/1 entries 900/988 dependencies 222/292 modules 0 active[39m 
 

[2K[1A[2K[1A[2K[1A[2K[1A[2K[1A[2K[1A[2K[1A[2K[G
[32m●[39m [32mClient[39m [32m█[39m[32m█[39m[32m█[39m[37m█[39m[37m█[39m[37m█[39m[37m█[39m[37m█[39m[37m█[39m[37m█[39m[37m█[39m[37m█[39m[37m█[39m[37m█[39m[37m█[39m[37m█[39m[37m█[39m[37m█[39m[37m█[39m[37m█[39m[37m█[39m[37m█[39m[37m█[39m[37m█[39m[37m█[39m building (10%) [90m0/1 entries 31/86 dependencies 5/23 modules 0 active[39m 
 

[33m●[39m [33mServer[39m [33m█[39m[33m█[39m[33m█[39m[33m█[39m[33m█[39m[33m█[39m[33m█[39m[33m█[39m[33m█[39m[37m█[39m[37m█[39m[37m█[39m[37m█[39m[37m█[39m[37m█[39m[37m█[39m[37m█[39m[37m█[39m[37m█[39m[37m█[39m[37m█[39m[37m█[39m[37m█[39m[37m█[39m[37m█[39m building (33%) [90m0/1 entries 900/988 dependencies 222/292 modules 0 active[39m 
 

[2K[1A[2K[1A[2K[1A[2K[1A[2K[1A[2K[1A[2K[1A[2K[G
[32m●[39m [32mClient[39m [32m█[39m[32m█[39m[32m█[39m[32m█[39m[37m█[39m[37m█[39m[37m█[39m[37m█[39m[37m█[39m[37m█[39m[37m█[39m[37m█[39m[37m█[39m[37m█[39m[37m█[39m[37m█[39m[37m█[39m[37m█[39m[37m█[39m[37m█[39m[37m█[39m[37m█[39m[37m█[39m[37m█[39m[37m█[39m building (13%) [90m0/1 entries 133/200 dependencies 33/71 modules 0 active[39m 
 

[33m●[39m [33mServer[39m [33m█[39m[33m█[39m[33m█[39m[33m█[39m[33m█[39m[33m█[39m[33m█[39m[33m█[39m[33m█[39m[37m█[39m[37m█[39m[37m█[39m[37m█[39m[37m█[39m[37m█[39m[37m█[39m[37m█[39m[37m█[39m[37m█[39m[37m█[39m[37m█[39m[37m█[39m[37m█[39m[37m█[39m[37m█[39m building (33%) [90m0/1 entries 900/988 dependencies 222/292 modules 0 active[39m 
 

[2K[1A[2K[1A[2K[1A[2K[1A[2K[1A[2K[1A[2K[1A[2K[G
[32m●[39m [32mClient[39m [32m█[39m[32m█[39m[32m█[39m[32m█[39m[37m█[39m[37m█[39m[37m█[39m[37m█[39m[37m█[39m[37m█[39m[37m█[39m[37m█[39m[37m█[39m[37m█[39m[37m█[39m[37m█[39m[37m█[39m[37m█[39m[37m█[39m[37m█[39m[37m█[39m[37m█[39m[37m█[39m[37m█[39m[37m█[39m building (13%) [90m0/1 entries 133/200 dependencies 33/71 modules 0 active[39m 
 

[33m●[39m [33mServer[39m [33m█[39m[33m█[39m[33m█[39m[33m█[39m[33m█[39m[33m█[39m[33m█[39m[33m█[39m[33m█[39m[33m█[39m[37m█[39m[37m█[39m[37m█[39m[37m█[39m[37m█[39m[37m█[39m[37m█[39m[37m█[39m[37m█[39m[37m█[39m[37m█[39m[37m█[39m[37m█[39m[37m█[39m[37m█[39m building (38%) [90m0/1 entries 1100/1167 dependencies 264/355 modules 0 active[39m 
 

[2K[1A[2K[1A[2K[1A[2K[1A[2K[1A[2K[1A[2K[1A[2K[G
[32m●[39m [32mClient[39m [32m█[39m[32m█[39m[32m█[39m[32m█[39m[37m█[39m[37m█[39m[37m█[39m[37m█[39m[37m█[39m[37m█[39m[37m█[39m[37m█[39m[37m█[39m[37m█[39m[37m█[39m[37m█[39m[37m█[39m[37m█[39m[37m█[39m[37m█[39m[37m█[39m[37m█[39m[37m█[39m[37m█[39m[37m█[39m building (16%) [90m0/1 entries 325/400 dependencies 66/124 modules 0 active[39m 
 

[33m●[39m [33mServer[39m [33m█[39m[33m█[39m[33m█[39m[33m█[39m[33m█[39m[33m█[39m[33m█[39m[33m█[39m[33m█[39m[33m█[39m[37m█[39m[37m█[39m[37m█[39m[37m█[39m[37m█[39m[37m█[39m[37m█[39m[37m█[39m[37m█[39m[37m█[39m[37m█[39m[37m█[39m[37m█[39m[37m█[39m[37m█[39m building (38%) [90m0/1 entries 1100/1167 dependencies 264/355 modules 0 active[39m 
 

[2K[1A[2K[1A[2K[1A[2K[1A[2K[1A[2K[1A[2K[1A[2K[G
[32m●[39m [32mClient[39m [32m█[39m[32m█[39m[32m█[39m[32m█[39m[37m█[39m[37m█[39m[37m█[39m[37m█[39m[37m█[39m[37m█[39m[37m█[39m[37m█[39m[37m█[39m[37m█[39m[37m█[39m[37m█[39m[37m█[39m[37m█[39m[37m█[39m[37m█[39m[37m█[39m[37m█[39m[37m█[39m[37m█[39m[37m█[39m building (16%) [90m0/1 entries 325/400 dependencies 66/124 modules 0 active[39m 
 

[33m●[39m [33mServer[39m [33m█[39m[33m█[39m[33m█[39m[33m█[39m[33m█[39m[33m█[39m[33m█[39m[33m█[39m[33m█[39m[33m█[39m[37m█[39m[37m█[39m[37m█[39m[37m█[39m[37m█[39m[37m█[39m[37m█[39m[37m█[39m[37m█[39m[37m█[39m[37m█[39m[37m█[39m[37m█[39m[37m█[39m[37m█[39m building (40%) [90m0/1 entries 1200/1249 dependencies 286/371 modules 0 active[39m 
 

[2K[1A[2K[1A[2K[1A[2K[1A[2K[1A[2K[1A[2K[1A[2K[G
[32m●[39m [32mClient[39m [32m█[39m[32m█[39m[32m█[39m[32m█[39m[37m█[39m[37m█[39m[37m█[39m[37m█[39m[37m█[39m[37m█[39m[37m█[39m[37m█[39m[37m█[39m[37m█[39m[37m█[39m[37m█[39m[37m█[39m[37m█[39m[37m█[39m[37m█[39m[37m█[39m[37m█[39m[37m█[39m[37m█[39m[37m█[39m building (16%) [90m0/1 entries 325/400 dependencies 66/124 modules 0 active[39m 
 

[33m●[39m [33mServer[39m [33m█[39m[33m█[39m[33m█[39m[33m█[39m[33m█[39m[33m█[39m[33m█[39m[33m█[39m[33m█[39m[33m█[39m[33m█[39m[37m█[39m[37m█[39m[37m█[39m[37m█[39m[37m█[39m[37m█[39m[37m█[39m[37m█[39m[37m█[39m[37m█[39m[37m█[39m[37m█[39m[37m█[39m[37m█[39m building (44%) [90m0/1 entries 1281/1316 dependencies 323/400 modules 0 active[39m 
 

[2K[1A[2K[1A[2K[1A[2K[1A[2K[1A[2K[1A[2K[1A[2K[G
[32m●[39m [32mClient[39m [32m█[39m[32m█[39m[32m█[39m[32m█[39m[32m█[39m[37m█[39m[37m█[39m[37m█[39m[37m█[39m[37m█[39m[37m█[39m[37m█[39m[37m█[39m[37m█[39m[37m█[39m[37m█[39m[37m█[39m[37m█[39m[37m█[39m[37m█[39m[37m█[39m[37m█[39m[37m█[39m[37m█[39m[37m█[39m building (19%) [90m0/1 entries 397/438 dependencies 100/148 modules 0 active[39m 
 

[33m●[39m [33mServer[39m [33m█[39m[33m█[39m[33m█[39m[33m█[39m[33m█[39m[33m█[39m[33m█[39m[33m█[39m[33m█[39m[33m█[39m[33m█[39m[37m█[39m[37m█[39m[37m█[39m[37m█[39m[37m█[39m[37m█[39m[37m█[39m[37m█[39m[37m█[39m[37m█[39m[37m█[39m[37m█[39m[37m█[39m[37m█[39m building (44%) [90m0/1 entries 1281/1316 dependencies 323/400 modules 0 active[39m 
 

[2K[1A[2K[1A[2K[1A[2K[1A[2K[1A[2K[1A[2K[1A[2K[G
[32m●[39m [32mClient[39m [32m█[39m[32m█[39m[32m█[39m[32m█[39m[32m█[39m[37m█[39m[37m█[39m[37m█[39m[37m█[39m[37m█[39m[37m█[39m[37m█[39m[37m█[39m[37m█[39m[37m█[39m[37m█[39m[37m█[39m[37m█[39m[37m█[39m[37m█[39m[37m█[39m[37m█[39m[37m█[39m[37m█[39m[37m█[39m building (19%) [90m0/1 entries 397/438 dependencies 100/148 modules 0 active[39m 
 

[33m●[39m [33mServer[39m [33m█[39m[33m█[39m[33m█[39m[33m█[39m[33m█[39m[33m█[39m[33m█[39m[33m█[39m[33m█[39m[33m█[39m[33m█[39m[33m█[39m[33m█[39m[37m█[39m[37m█[39m[37m█[39m[37m█[39m[37m█[39m[37m█[39m[37m█[39m[37m█[39m[37m█[39m[37m█[39m[37m█[39m[37m█[39m building (49%) [90m0/1 entries 1400/1432 dependencies 368/424 modules 0 active[39m 
 

[2K[1A[2K[1A[2K[1A[2K[1A[2K[1A[2K[1A[2K[1A[2K[G
[32m●[39m [32mClient[39m [32m█[39m[32m█[39m[32m█[39m[32m█[39m[32m█[39m[37m█[39m[37m█[39m[37m█[39m[37m█[39m[37m█[39m[37m█[39m[37m█[39m[37m█[39m[37m█[39m[37m█[39m[37m█[39m[37m█[39m[37m█[39m[37m█[39m[37m█[39m[37m█[39m[37m█[39m[37m█[39m[37m█[39m[37m█[39m building (19%) [90m0/1 entries 397/438 dependencies 100/148 modules 0 active[39m 
 

[33m●[39m [33mServer[39m [33m█[39m[33m█[39m[33m█[39m[33m█[39m[33m█[39m[33m█[39m[33m█[39m[33m█[39m[33m█[39m[33m█[39m[33m█[39m[33m█[39m[33m█[39m[37m█[39m[37m█[39m[37m█[39m[37m█[39m[37m█[39m[37m█[39m[37m█[39m[37m█[39m[37m█[39m[37m█[39m[37m█[39m[37m█[39m building (52%) [90m0/1 entries 1476/1500 dependencies 396/454 modules 0 active[39m 
 

[2K[1A[2K[1A[2K[1A[2K[1A[2K[1A[2K[1A[2K[1A[2K[G
[32m●[39m [32mClient[39m [32m█[39m[32m█[39m[32m█[39m[32m█[39m[32m█[39m[37m█[39m[37m█[39m[37m█[39m[37m█[39m[37m█[39m[37m█[39m[37m█[39m[37m█[39m[37m█[39m[37m█[39m[37m█[39m[37m█[39m[37m█[39m[37m█[39m[37m█[39m[37m█[39m[37m█[39m[37m█[39m[37m█[39m[37m█[39m building (19%) [90m0/1 entries 397/438 dependencies 100/148 modules 0 active[39m 
 

[33m●[39m [33mServer[39m [33m█[39m[33m█[39m[33m█[39m[33m█[39m[33m█[39m[33m█[39m[33m█[39m[33m█[39m[33m█[39m[33m█[39m[33m█[39m[33m█[39m[33m█[39m[33m█[39m[37m█[39m[37m█[39m[37m█[39m[37m█[39m[37m█[39m[37m█[39m[37m█[39m[37m█[39m[37m█[39m[37m█[39m[37m█[39m building (54%) [90m0/1 entries 1591/1600 dependencies 419/478 modules 0 active[39m 
 

[2K[1A[2K[1A[2K[1A[2K[1A[2K[1A[2K[1A[2K[1A[2K[G
[32m●[39m [32mClient[39m [32m█[39m[32m█[39m[32m█[39m[32m█[39m[32m█[39m[32m█[39m[37m█[39m[37m█[39m[37m█[39m[37m█[39m[37m█[39m[37m█[39m[37m█[39m[37m█[39m[37m█[39m[37m█[39m[37m█[39m[37m█[39m[37m█[39m[37m█[39m[37m█[39m[37m█[39m[37m█[39m[37m█[39m[37m█[39m building (22%) [90m0/1 entries 468/600 dependencies 130/178 modules 0 active[39m 
 

[33m●[39m [33mServer[39m [33m█[39m[33m█[39m[33m█[39m[33m█[39m[33m█[39m[33m█[39m[33m█[39m[33m█[39m[33m█[39m[33m█[39m[33m█[39m[33m█[39m[33m█[39m[33m█[39m[37m█[39m[37m█[39m[37m█[39m[37m█[39m[37m█[39m[37m█[39m[37m█[39m[37m█[39m[37m█[39m[37m█[39m[37m█[39m building (54%) [90m0/1 entries 1591/1600 dependencies 419/478 modules 0 active[39m 
 

[2K[1A[2K[1A[2K[1A[2K[1A[2K[1A[2K[1A[2K[1A[2K[G
[32m●[39m [32mClient[39m [32m█[39m[32m█[39m[32m█[39m[32m█[39m[32m█[39m[32m█[39m[32m█[39m[37m█[39m[37m█[39m[37m█[39m[37m█[39m[37m█[39m[37m█[39m[37m█[39m[37m█[39m[37m█[39m[37m█[39m[37m█[39m[37m█[39m[37m█[39m[37m█[39m[37m█[39m[37m█[39m[37m█[39m[37m█[39m building (25%) [90m0/1 entries 600/696 dependencies 161/212 modules 0 active[39m 
 

[33m●[39m [33mServer[39m [33m█[39m[33m█[39m[33m█[39m[33m█[39m[33m█[39m[33m█[39m[33m█[39m[33m█[39m[33m█[39m[33m█[39m[33m█[39m[33m█[39m[33m█[39m[33m█[39m[37m█[39m[37m█[39m[37m█[39m[37m█[39m[37m█[39m[37m█[39m[37m█[39m[37m█[39m[37m█[39m[37m█[39m[37m█[39m building (54%) [90m0/1 entries 1591/1600 dependencies 419/478 modules 0 active[39m 
 

[2K[1A[2K[1A[2K[1A[2K[1A[2K[1A[2K[1A[2K[1A[2K[G
[32m●[39m [32mClient[39m [32m█[39m[32m█[39m[32m█[39m[32m█[39m[32m█[39m[32m█[39m[32m█[39m[37m█[39m[37m█[39m[37m█[39m[37m█[39m[37m█[39m[37m█[39m[37m█[39m[37m█[39m[37m█[39m[37m█[39m[37m█[39m[37m█[39m[37m█[39m[37m█[39m[37m█[39m[37m█[39m[37m█[39m[37m█[39m building (25%) [90m0/1 entries 600/696 dependencies 161/212 modules 0 active[39m 
 

[33m●[39m [33mServer[39m [33m█[39m[33m█[39m[33m█[39m[33m█[39m[33m█[39m[33m█[39m[33m█[39m[33m█[39m[33m█[39m[33m█[39m[33m█[39m[33m█[39m[33m█[39m[33m█[39m[33m█[39m[37m█[39m[37m█[39m[37m█[39m[37m█[39m[37m█[39m[37m█[39m[37m█[39m[37m█[39m[37m█[39m[37m█[39m building (60%) [90m0/1 entries 1691/1700 dependencies 472/495 modules 0 active[39m 
 

[2K[1A[2K[1A[2K[1A[2K[1A[2K[1A[2K[1A[2K[1A[2K[G
[32m●[39m [32mClient[39m [32m█[39m[32m█[39m[32m█[39m[32m█[39m[32m█[39m[32m█[39m[32m█[39m[37m█[39m[37m█[39m[37m█[39m[37m█[39m[37m█[39m[37m█[39m[37m█[39m[37m█[39m[37m█[39m[37m█[39m[37m█[39m[37m█[39m[37m█[39m[37m█[39m[37m█[39m[37m█[39m[37m█[39m[37m█[39m building (27%) [90m0/1 entries 714/800 dependencies 184/251 modules 0 active[39m 
 

[33m●[39m [33mServer[39m [33m█[39m[33m█[39m[33m█[39m[33m█[39m[33m█[39m[33m█[39m[33m█[39m[33m█[39m[33m█[39m[33m█[39m[33m█[39m[33m█[39m[33m█[39m[33m█[39m[33m█[39m[37m█[39m[37m█[39m[37m█[39m[37m█[39m[37m█[39m[37m█[39m[37m█[39m[37m█[39m[37m█[39m[37m█[39m building (60%) [90m0/1 entries 1691/1700 dependencies 472/495 modules 0 active[39m 
 

[2K[1A[2K[1A[2K[1A[2K[1A[2K[1A[2K[1A[2K[1A[2K[G
[32m●[39m [32mClient[39m [32m█[39m[32m█[39m[32m█[39m[32m█[39m[32m█[39m[32m█[39m[32m█[39m[37m█[39m[37m█[39m[37m█[39m[37m█[39m[37m█[39m[37m█[39m[37m█[39m[37m█[39m[37m█[39m[37m█[39m[37m█[39m[37m█[39m[37m█[39m[37m█[39m[37m█[39m[37m█[39m[37m█[39m[37m█[39m building (27%) [90m0/1 entries 714/800 dependencies 184/251 modules 0 active[39m 
 

[33m●[39m [33mServer[39m [33m█[39m[33m█[39m[33m█[39m[33m█[39m[33m█[39m[33m█[39m[33m█[39m[33m█[39m[33m█[39m[33m█[39m[33m█[39m[33m█[39m[33m█[39m[33m█[39m[33m█[39m[37m█[39m[37m█[39m[37m█[39m[37m█[39m[37m█[39m[37m█[39m[37m█[39m[37m█[39m[37m█[39m[37m█[39m building (60%) [90m0/1 entries 1700/1729 dependencies 473/499 modules 0 active[39m 
 

[2K[1A[2K[1A[2K[1A[2K[1A[2K[1A[2K[1A[2K[1A[2K[G
[32m●[39m [32mClient[39m [32m█[39m[32m█[39m[32m█[39m[32m█[39m[32m█[39m[32m█[39m[32m█[39m[32m█[39m[37m█[39m[37m█[39m[37m█[39m[37m█[39m[37m█[39m[37m█[39m[37m█[39m[37m█[39m[37m█[39m[37m█[39m[37m█[39m[37m█[39m[37m█[39m[37m█[39m[37m█[39m[37m█[39m[37m█[39m building (31%) [90m0/1 entries 900/989 dependencies 227/293 modules 0 active[39m 
 

[33m●[39m [33mServer[39m [33m█[39m[33m█[39m[33m█[39m[33m█[39m[33m█[39m[33m█[39m[33m█[39m[33m█[39m[33m█[39m[33m█[39m[33m█[39m[33m█[39m[33m█[39m[33m█[39m[33m█[39m[37m█[39m[37m█[39m[37m█[39m[37m█[39m[37m█[39m[37m█[39m[37m█[39m[37m█[39m[37m█[39m[37m█[39m building (60%) [90m0/1 entries 1700/1729 dependencies 473/499 modules 0 active[39m 
 

[2K[1A[2K[1A[2K[1A[2K[1A[2K[1A[2K[1A[2K[1A[2K[G
[32m●[39m [32mClient[39m [32m█[39m[32m█[39m[32m█[39m[32m█[39m[32m█[39m[32m█[39m[32m█[39m[32m█[39m[32m█[39m[37m█[39m[37m█[39m[37m█[39m[37m█[39m[37m█[39m[37m█[39m[37m█[39m[37m█[39m[37m█[39m[37m█[39m[37m█[39m[37m█[39m[37m█[39m[37m█[39m[37m█[39m[37m█[39m building (33%) [90m0/1 entries 1000/1073 dependencies 251/333 modules 0 active[39m 
 

[33m●[39m [33mServer[39m [33m█[39m[33m█[39m[33m█[39m[33m█[39m[33m█[39m[33m█[39m[33m█[39m[33m█[39m[33m█[39m[33m█[39m[33m█[39m[33m█[39m[33m█[39m[33m█[39m[33m█[39m[37m█[39m[37m█[39m[37m█[39m[37m█[39m[37m█[39m[37m█[39m[37m█[39m[37m█[39m[37m█[39m[37m█[39m building (60%) [90m0/1 entries 1700/1729 dependencies 473/499 modules 0 active[39m 
 

[2K[1A[2K[1A[2K[1A[2K[1A[2K[1A[2K[1A[2K[1A[2K[G
[32m●[39m [32mClient[39m [32m█[39m[32m█[39m[32m█[39m[32m█[39m[32m█[39m[32m█[39m[32m█[39m[32m█[39m[32m█[39m[37m█[39m[37m█[39m[37m█[39m[37m█[39m[37m█[39m[37m█[39m[37m█[39m[37m█[39m[37m█[39m[37m█[39m[37m█[39m[37m█[39m[37m█[39m[37m█[39m[37m█[39m[37m█[39m building (33%) [90m0/1 entries 1000/1073 dependencies 251/333 modules 0 active[39m 
 

[33m●[39m [33mServer[39m [33m█[39m[33m█[39m[33m█[39m[33m█[39m[33m█[39m[33m█[39m[33m█[39m[33m█[39m[33m█[39m[33m█[39m[33m█[39m[33m█[39m[33m█[39m[33m█[39m[33m█[39m[33m█[39m[37m█[39m[37m█[39m[37m█[39m[37m█[39m[37m█[39m[37m█[39m[37m█[39m[37m█[39m[37m█[39m building (63%) [90m0/1 entries 1771/1771 dependencies 500/514 modules 0 active[39m 
 

[2K[1A[2K[1A[2K[1A[2K[1A[2K[1A[2K[1A[2K[1A[2K[G
[32m●[39m [32mClient[39m [32m█[39m[32m█[39m[32m█[39m[32m█[39m[32m█[39m[32m█[39m[32m█[39m[32m█[39m[32m█[39m[37m█[39m[37m█[39m[37m█[39m[37m█[39m[37m█[39m[37m█[39m[37m█[39m[37m█[39m[37m█[39m[37m█[39m[37m█[39m[37m█[39m[37m█[39m[37m█[39m[37m█[39m[37m█[39m building (33%) [90m0/1 entries 1000/1073 dependencies 251/333 modules 0 active[39m 
 

[33m●[39m [33mServer[39m [33m█[39m[33m█[39m[33m█[39m[33m█[39m[33m█[39m[33m█[39m[33m█[39m[33m█[39m[33m█[39m[33m█[39m[33m█[39m[33m█[39m[33m█[39m[33m█[39m[33m█[39m[33m█[39m[33m█[39m[33m█[39m[37m█[39m[37m█[39m[37m█[39m[37m█[39m[37m█[39m[37m█[39m[37m█[39m sealing (71%) [90mdependencies optimization[39m 
 [90mFlagDependencyUsagePlugin[39m

[2K[1A[2K[1A[2K[1A[2K[1A[2K[1A[2K[1A[2K[1A[2K[G
[32m●[39m [32mClient[39m [32m█[39m[32m█[39m[32m█[39m[32m█[39m[32m█[39m[32m█[39m[32m█[39m[32m█[39m[32m█[39m[37m█[39m[37m█[39m[37m█[39m[37m█[39m[37m█[39m[37m█[39m[37m█[39m[37m█[39m[37m█[39m[37m█[39m[37m█[39m[37m█[39m[37m█[39m[37m█[39m[37m█[39m[37m█[39m building (33%) [90m0/1 entries 1000/1073 dependencies 251/333 modules 0 active[39m 
 

[33m●[39m [33mServer[39m [33m█[39m[33m█[39m[33m█[39m[33m█[39m[33m█[39m[33m█[39m[33m█[39m[33m█[39m[33m█[39m[33m█[39m[33m█[39m[33m█[39m[33m█[39m[33m█[39m[33m█[39m[33m█[39m[33m█[39m[33m█[39m[33m█[39m[37m█[39m[37m█[39m[37m█[39m[37m█[39m[37m█[39m[37m█[39m sealing (73%)  
 [90mafter chunk graph[39m

[2K[1A[2K[1A[2K[1A[2K[1A[2K[1A[2K[1A[2K[1A[2K[G
[32m●[39m [32mClient[39m [32m█[39m[32m█[39m[32m█[39m[32m█[39m[32m█[39m[32m█[39m[32m█[39m[32m█[39m[32m█[39m[37m█[39m[37m█[39m[37m█[39m[37m█[39m[37m█[39m[37m█[39m[37m█[39m[37m█[39m[37m█[39m[37m█[39m[37m█[39m[37m█[39m[37m█[39m[37m█[39m[37m█[39m[37m█[39m building (33%) [90m0/1 entries 1000/1073 dependencies 251/333 modules 0 active[39m 
 

[33m●[39m [33mServer[39m [33m█[39m[33m█[39m[33m█[39m[33m█[39m[33m█[39m[33m█[39m[33m█[39m[33m█[39m[33m█[39m[33m█[39m[33m█[39m[33m█[39m[33m█[39m[33m█[39m[33m█[39m[33m█[39m[33m█[39m[33m█[39m[33m█[39m[33m█[39m[33m█[39m[33m█[39m[37m█[39m[37m█[39m[37m█[39m sealing (87%)  
 [90mcode generation[39m

[2K[1A[2K[1A[2K[1A[2K[1A[2K[1A[2K[1A[2K[1A[2K[G
[32m●[39m [32mClient[39m [32m█[39m[32m█[39m[32m█[39m[32m█[39m[32m█[39m[32m█[39m[32m█[39m[32m█[39m[32m█[39m[37m█[39m[37m█[39m[37m█[39m[37m█[39m[37m█[39m[37m█[39m[37m█[39m[37m█[39m[37m█[39m[37m█[39m[37m█[39m[37m█[39m[37m█[39m[37m█[39m[37m█[39m[37m█[39m building (36%) [90m0/1 entries 1100/1145 dependencies 281/357 modules 0 active[39m 
 

[33m●[39m [33mServer[39m [33m█[39m[33m█[39m[33m█[39m[33m█[39m[33m█[39m[33m█[39m[33m█[39m[33m█[39m[33m█[39m[33m█[39m[33m█[39m[33m█[39m[33m█[39m[33m█[39m[33m█[39m[33m█[39m[33m█[39m[33m█[39m[33m█[39m[33m█[39m[33m█[39m[33m█[39m[33m█[39m[33m█[39m[37m█[39m emitting (95%)  
 [90memit[39m

[2K[1A[2K[1A[2K[1A[2K[1A[2K[1A[2K[1A[2K[1A[2K[G
[32m●[39m [32mClient[39m [32m█[39m[32m█[39m[32m█[39m[32m█[39m[32m█[39m[32m█[39m[32m█[39m[32m█[39m[32m█[39m[37m█[39m[37m█[39m[37m█[39m[37m█[39m[37m█[39m[37m█[39m[37m█[39m[37m█[39m[37m█[39m[37m█[39m[37m█[39m[37m█[39m[37m█[39m[37m█[39m[37m█[39m[37m█[39m building (36%) [90m0/1 entries 1100/1145 dependencies 281/357 modules 0 active[39m 
 

[33m●[39m [33mServer[39m [33m█[39m[33m█[39m[33m█[39m[33m█[39m[33m█[39m[33m█[39m[33m█[39m[33m█[39m[33m█[39m[33m█[39m[33m█[39m[33m█[39m[33m█[39m[33m█[39m[33m█[39m[33m█[39m[33m█[39m[33m█[39m[33m█[39m[33m█[39m[33m█[39m[33m█[39m[33m█[39m[33m█[39m[33m█[39m emitting (98%)  
 [90mafter emit[39m

[2K[1A[2K[1A[2K[1A[2K[1A[2K[1A[2K[1A[2K[1A[2K[G
[32m●[39m [32mClient[39m [32m█[39m[32m█[39m[32m█[39m[32m█[39m[32m█[39m[32m█[39m[32m█[39m[32m█[39m[32m█[39m[37m█[39m[37m█[39m[37m█[39m[37m█[39m[37m█[39m[37m█[39m[37m█[39m[37m█[39m[37m█[39m[37m█[39m[37m█[39m[37m█[39m[37m█[39m[37m█[39m[37m█[39m[37m█[39m building (36%) [90m0/1 entries 1100/1145 dependencies 281/357 modules 0 active[39m 
 

[33m✔ Server[39m
[90m  Compiled successfully in 22.86s[39m

[2K[1A[2K[1A[2K[1A[2K[1A[2K[1A[2K[1A[2K[1A[2K[G
[32m●[39m [32mClient[39m [32m█[39m[32m█[39m[32m█[39m[32m█[39m[32m█[39m[32m█[39m[32m█[39m[32m█[39m[32m█[39m[32m█[39m[37m█[39m[37m█[39m[37m█[39m[37m█[39m[37m█[39m[37m█[39m[37m█[39m[37m█[39m[37m█[39m[37m█[39m[37m█[39m[37m█[39m[37m█[39m[37m█[39m[37m█[39m building (40%) [90m0/1 entries 1200/1246 dependencies 320/385 modules 0 active[39m 
 

[33m✔ Server[39m
[90m  [39m

[2K[1A[2K[1A[2K[1A[2K[1A[2K[1A[2K[1A[2K[1A[2K[G
[32m●[39m [32mClient[39m [32m█[39m[32m█[39m[32m█[39m[32m█[39m[32m█[39m[32m█[39m[32m█[39m[32m█[39m[32m█[39m[32m█[39m[32m█[39m[37m█[39m[37m█[39m[37m█[39m[37m█[39m[37m█[39m[37m█[39m[37m█[39m[37m█[39m[37m█[39m[37m█[39m[37m█[39m[37m█[39m[37m█[39m[37m█[39m building (42%) [90m0/1 entries 1300/1341 dependencies 349/419 modules 0 active[39m 
 

[33m✔ Server[39m
[90m  [39m

[2K[1A[2K[1A[2K[1A[2K[1A[2K[1A[2K[1A[2K[1A[2K[G
[32m●[39m [32mClient[39m [32m█[39m[32m█[39m[32m█[39m[32m█[39m[32m█[39m[32m█[39m[32m█[39m[32m█[39m[32m█[39m[32m█[39m[32m█[39m[32m█[39m[37m█[39m[37m█[39m[37m█[39m[37m█[39m[37m█[39m[37m█[39m[37m█[39m[37m█[39m[37m█[39m[37m█[39m[37m█[39m[37m█[39m[37m█[39m building (47%) [90m0/1 entries 1400/1443 dependencies 394/464 modules 0 active[39m 
 

[33m✔ Server[39m
[90m  [39m

[2K[1A[2K[1A[2K[1A[2K[1A[2K[1A[2K[1A[2K[1A[2K[G
[32m●[39m [32mClient[39m [32m█[39m[32m█[39m[32m█[39m[32m█[39m[32m█[39m[32m█[39m[32m█[39m[32m█[39m[32m█[39m[32m█[39m[32m█[39m[32m█[39m[32m█[39m[37m█[39m[37m█[39m[37m█[39m[37m█[39m[37m█[39m[37m█[39m[37m█[39m[37m█[39m[37m█[39m[37m█[39m[37m█[39m[37m█[39m building (51%) [90m0/1 entries 1538/1573 dependencies 438/500 modules 0 active[39m 
 

[33m✔ Server[39m
[90m  [39m

[2K[1A[2K[1A[2K[1A[2K[1A[2K[1A[2K[1A[2K[1A[2K[G
[32m●[39m [32mClient[39m [32m█[39m[32m█[39m[32m█[39m[32m█[39m[32m█[39m[32m█[39m[32m█[39m[32m█[39m[32m█[39m[32m█[39m[32m█[39m[32m█[39m[32m█[39m[32m█[39m[32m█[39m[37m█[39m[37m█[39m[37m█[39m[37m█[39m[37m█[39m[37m█[39m[37m█[39m[37m█[39m[37m█[39m[37m█[39m building (57%) [90m0/1 entries 1676/1684 dependencies 500/540 modules 0 active[39m 
 

[33m✔ Server[39m
[90m  [39m

[2K[1A[2K[1A[2K[1A[2K[1A[2K[1A[2K[1A[2K[1A[2K[G
[32m●[39m [32mClient[39m [32m█[39m[32m█[39m[32m█[39m[32m█[39m[32m█[39m[32m█[39m[32m█[39m[32m█[39m[32m█[39m[32m█[39m[32m█[39m[32m█[39m[32m█[39m[32m█[39m[32m█[39m[32m█[39m[37m█[39m[37m█[39m[37m█[39m[37m█[39m[37m█[39m[37m█[39m[37m█[39m[37m█[39m[37m█[39m building (62%) [90m0/1 entries 1792/1800 dependencies 554/576 modules 0 active[39m 
 

[33m✔ Server[39m
[90m  [39m

[2K[1A[2K[1A[2K[1A[2K[1A[2K[1A[2K[1A[2K[1A[2K[G
[32m●[39m [32mClient[39m [32m█[39m[32m█[39m[32m█[39m[32m█[39m[32m█[39m[32m█[39m[32m█[39m[32m█[39m[32m█[39m[32m█[39m[32m█[39m[32m█[39m[32m█[39m[32m█[39m[32m█[39m[32m█[39m[32m█[39m[37m█[39m[37m█[39m[37m█[39m[37m█[39m[37m█[39m[37m█[39m[37m█[39m[37m█[39m building (65%) [90m1/1 entries 1823/1823 dependencies 585/585 modules 0 active[39m 
 

[33m✔ Server[39m
[90m  [39m

[2K[1A[2K[1A[2K[1A[2K[1A[2K[1A[2K[1A[2K[1A[2K[G
[32m●[39m [32mClient[39m [32m█[39m[32m█[39m[32m█[39m[32m█[39m[32m█[39m[32m█[39m[32m█[39m[32m█[39m[32m█[39m[32m█[39m[32m█[39m[32m█[39m[32m█[39m[32m█[39m[32m█[39m[32m█[39m[32m█[39m[32m█[39m[37m█[39m[37m█[39m[37m█[39m[37m█[39m[37m█[39m[37m█[39m[37m█[39m sealing (71%)  
 [90mdependencies optimization[39m

[33m✔ Server[39m
[90m  [39m

[2K[1A[2K[1A[2K[1A[2K[1A[2K[1A[2K[1A[2K[1A[2K[G
[32m●[39m [32mClient[39m [32m█[39m[32m█[39m[32m█[39m[32m█[39m[32m█[39m[32m█[39m[32m█[39m[32m█[39m[32m█[39m[32m█[39m[32m█[39m[32m█[39m[32m█[39m[32m█[39m[32m█[39m[32m█[39m[32m█[39m[32m█[39m[32m█[39m[37m█[39m[37m█[39m[37m█[39m[37m█[39m[37m█[39m[37m█[39m sealing (75%) [90mchunk optimization[39m 
 [90mRemoveEmptyChunksPlugin[39m

[33m✔ Server[39m
[90m  [39m

[2K[1A[2K[1A[2K[1A[2K[1A[2K[1A[2K[1A[2K[1A[2K[G
[32m●[39m [32mClient[39m [32m█[39m[32m█[39m[32m█[39m[32m█[39m[32m█[39m[32m█[39m[32m█[39m[32m█[39m[32m█[39m[32m█[39m[32m█[39m[32m█[39m[32m█[39m[32m█[39m[32m█[39m[32m█[39m[32m█[39m[32m█[39m[32m█[39m[32m█[39m[37m█[39m[37m█[39m[37m█[39m[37m█[39m[37m█[39m sealing (78%)  
 [90mafter chunk modules optimization[39m

[33m✔ Server[39m
[90m  [39m

[2K[1A[2K[1A[2K[1A[2K[1A[2K[1A[2K[1A[2K[1A[2K[G
[32m●[39m [32mClient[39m [32m█[39m[32m█[39m[32m█[39m[32m█[39m[32m█[39m[32m█[39m[32m█[39m[32m█[39m[32m█[39m[32m█[39m[32m█[39m[32m█[39m[32m█[39m[32m█[39m[32m█[39m[32m█[39m[32m█[39m[32m█[39m[32m█[39m[32m█[39m[32m█[39m[32m█[39m[37m█[39m[37m█[39m[37m█[39m sealing (88%)  
 [90mruntime requirements[39m

[33m✔ Server[39m
[90m  [39m

[2K[1A[2K[1A[2K[1A[2K[1A[2K[1A[2K[1A[2K[1A[2K[G
[32m●[39m [32mClient[39m [32m█[39m[32m█[39m[32m█[39m[32m█[39m[32m█[39m[32m█[39m[32m█[39m[32m█[39m[32m█[39m[32m█[39m[32m█[39m[32m█[39m[32m█[39m[32m█[39m[32m█[39m[32m█[39m[32m█[39m[32m█[39m[32m█[39m[32m█[39m[32m█[39m[32m█[39m[32m█[39m[37m█[39m[37m█[39m sealing (92%) [90masset processing[39m 
 [90mCssMinimizerPlugin[39m

[33m✔ Server[39m
[90m  [39m

[2K[1A[2K[1A[2K[1A[2K[1A[2K[1A[2K[1A[2K[1A[2K[G
[32m✔ Client[39m
[90m  Compiled successfully in 31.65s[39m

[33m✔ Server[39m
[90m  [39m


[32m●[39m [32mClient[39m [32m█[39m[32m█[39m[32m█[39m[32m█[39m[32m█[39m[32m█[39m[32m█[39m[32m█[39m[32m█[39m[32m█[39m[32m█[39m[32m█[39m[32m█[39m[32m█[39m[32m█[39m[32m█[39m[32m█[39m[32m█[39m[32m█[39m[32m█[39m[32m█[39m[32m█[39m[32m█[39m[32m█[39m[32m█[39m cache (99%) [90mshutdown[39m [90mIdleFileCachePlugin[39m
 [90mresolving[39m

[33m✔ Server[39m
[90m  [39m

[2K[1A[2K[1A[2K[1A[2K[1A[2K[1A[2K[1A[2K[1A[2K[G
[32m●[39m [32mClient[39m [32m█[39m[32m█[39m[32m█[39m[32m█[39m[32m█[39m[32m█[39m[32m█[39m[32m█[39m[32m█[39m[32m█[39m[32m█[39m[32m█[39m[32m█[39m[32m█[39m[32m█[39m[32m█[39m[32m█[39m[32m█[39m[32m█[39m[32m█[39m[32m█[39m[32m█[39m[32m█[39m[32m█[39m[32m█[39m cache (99%) [90mshutdown[39m [90mIdleFileCachePlugin[39m
 [90mmodules[39m

[33m✔ Server[39m
[90m  [39m

[2K[1A[2K[1A[2K[1A[2K[1A[2K[1A[2K[1A[2K[1A[2K[G
[32m●[39m [32mClient[39m [32m█[39m[32m█[39m[32m█[39m[32m█[39m[32m█[39m[32m█[39m[32m█[39m[32m█[39m[32m█[39m[32m█[39m[32m█[39m[32m█[39m[32m█[39m[32m█[39m[32m█[39m[32m█[39m[32m█[39m[32m█[39m[32m█[39m[32m█[39m[32m█[39m[32m█[39m[32m█[39m[32m█[39m[32m█[39m cache (99%) [90mshutdown[39m [90mIdleFileCachePlugin[39m
 [90mserialize pack[39m

[33m✔ Server[39m
[90m  [39m

[2K[1A[2K[1A[2K[1A[2K[1A[2K[1A[2K[1A[2K[1A[2K[G
[32m●[39m [32mClient[39m [32m█[39m[32m█[39m[32m█[39m[32m█[39m[32m█[39m[32m█[39m[32m█[39m[32m█[39m[32m█[39m[32m█[39m[32m█[39m[32m█[39m[32m█[39m[32m█[39m[32m█[39m[32m█[39m[32m█[39m[32m█[39m[32m█[39m[32m█[39m[32m█[39m[32m█[39m[32m█[39m[32m█[39m[32m█[39m cache (99%) [90mshutdown[39m [90mIdleFileCachePlugin[39m
 [90mstored[39m

[33m✔ Server[39m
[90m  [39m

[32m[1m[SUCCESS][22m[39m Generated static files in [36m[4m"build"[24m[39m.
[36m[1m[INFO][22m[39m Use [36m`npm run serve`[39m command to test your build locally.
