

> @human-0/web@1.6.12 build /home/ed/Documents/LSTS/human-0.com/apps/web
> expo export -p web

[2mStarting Metro Bundler[22m
Static rendering is enabled. [2mLearn more: [4mhttps://docs.expo.dev/router/reference/static-rendering/[24m[22m
[1mWeb[22m [0m[2mnode_modules/.pnpm/expo-router@6.0.15_5s3jiviqx34lsqiymzqxnr2tua/node_modules/expo-router/[22m[0m[1mentry.js[22m [47m[37m░░░░░░░░░░░░░░░░[39m[49m[1m  0.0% [22m[2m(0/1)[22m
[1mλ[22m [0m[2mnode_modules/.pnpm/expo-router@6.0.15_5s3jiviqx34lsqiymzqxnr2tua/node_modules/expo-router/node/[22m[0m[1mrender.js[22m [47m[37m░░░░░░░░░░░░░░░░[39m[49m[1m  0.0% [22m[2m(0/1)[22m
[210D[2A[0J[1mWeb[22m [0m[2mnode_modules/.pnpm/expo-router@6.0.15_5s3jiviqx34lsqiymzqxnr2tua/node_modules/expo-router/[22m[0m[1mentry.js[22m [47m[37m░░░░░░░░░░░░░░░░[39m[49m[1m  0.0% [22m[2m(0/1)[22m
[1mλ[22m [0m[2mnode_modules/.pnpm/expo-router@6.0.15_5s3jiviqx34lsqiymzqxnr2tua/node_modules/expo-router/node/[22m[0m[1mrender.js[22m [47m[37m░░░░░░░░░░░░░░░░[39m[49m[1m  4.4% [22m[2m( 9/43)[22m
[210D[2A[0J[1mWeb[22m [0m[2mnode_modules/.pnpm/expo-router@6.0.15_5s3jiviqx34lsqiymzqxnr2tua/node_modules/expo-router/[22m[0m[1mentry.js[22m [47m[37m░░░░░░░░░░░░░░░░[39m[49m[1m  0.0% [22m[2m(0/1)[22m
[1mλ[22m [0m[2mnode_modules/.pnpm/expo-router@6.0.15_5s3jiviqx34lsqiymzqxnr2tua/node_modules/expo-router/node/[22m[0m[1mrender.js[22m [47m[37m░░░░░░░░░░░░░░░░[39m[49m[1m  4.4% [22m[2m( 38/194)[22m
[210D[2A[0J[1mWeb[22m [0m[2mnode_modules/.pnpm/expo-router@6.0.15_5s3jiviqx34lsqiymzqxnr2tua/node_modules/expo-router/[22m[0m[1mentry.js[22m [47m[37m░░░░░░░░░░░░░░░░[39m[49m[1m  0.0% [22m[2m(0/1)[22m
[1mλ[22m [0m[2mnode_modules/.pnpm/expo-router@6.0.15_5s3jiviqx34lsqiymzqxnr2tua/node_modules/expo-router/node/[22m[0m[1mrender.js[22m [32m[42m▓[49m[39m[47m[37m░░░░░░░░░░░░░░░[39m[49m[1m 11.2% [22m[2m( 79/236)[22m
[210D[2A[0J[1mWeb[22m [0m[2mnode_modules/.pnpm/expo-router@6.0.15_5s3jiviqx34lsqiymzqxnr2tua/node_modules/expo-router/[22m[0m[1mentry.js[22m [47m[37m░░░░░░░░░░░░░░░░[39m[49m[1m  0.0% [22m[2m(0/1)[22m
[1mλ[22m [0m[2mnode_modules/.pnpm/expo-router@6.0.15_5s3jiviqx34lsqiymzqxnr2tua/node_modules/expo-router/node/[22m[0m[1mrender.js[22m [32m[42m▓▓[49m[39m[47m[37m░░░░░░░░░░░░░░[39m[49m[1m 17.0% [22m[2m(126/306)[22m
[210D[2A[0J[1mWeb[22m [0m[2mnode_modules/.pnpm/expo-router@6.0.15_5s3jiviqx34lsqiymzqxnr2tua/node_modules/expo-router/[22m[0m[1mentry.js[22m [47m[37m░░░░░░░░░░░░░░░░[39m[49m[1m  0.0% [22m[2m(0/1)[22m
[1mλ[22m [0m[2mnode_modules/.pnpm/expo-router@6.0.15_5s3jiviqx34lsqiymzqxnr2tua/node_modules/expo-router/node/[22m[0m[1mrender.js[22m [32m[42m▓▓▓▓▓[49m[39m[47m[37m░░░░░░░░░░░[39m[49m[1m 31.3% [22m[2m(221/395)[22m
[210D[2A[0J[1mWeb[22m [0m[2mnode_modules/.pnpm/expo-router@6.0.15_5s3jiviqx34lsqiymzqxnr2tua/node_modules/expo-router/[22m[0m[1mentry.js[22m [47m[37m░░░░░░░░░░░░░░░░[39m[49m[1m  0.0% [22m[2m(0/1)[22m
[1mλ[22m [0m[2mnode_modules/.pnpm/expo-router@6.0.15_5s3jiviqx34lsqiymzqxnr2tua/node_modules/expo-router/node/[22m[0m[1mrender.js[22m [32m[42m▓▓▓▓▓▓▓[49m[39m[47m[37m░░░░░░░░░[39m[49m[1m 44.3% [22m[2m(305/458)[22m
[210D[2A[0J[1mWeb[22m [0m[2mnode_modules/.pnpm/expo-router@6.0.15_5s3jiviqx34lsqiymzqxnr2tua/node_modules/expo-router/[22m[0m[1mentry.js[22m [47m[37m░░░░░░░░░░░░░░░░[39m[49m[1m  0.0% [22m[2m(0/1)[22m
[1mλ[22m [0m[2mnode_modules/.pnpm/expo-router@6.0.15_5s3jiviqx34lsqiymzqxnr2tua/node_modules/expo-router/node/[22m[0m[1mrender.js[22m [32m[42m▓▓▓▓▓▓▓▓▓▓▓[49m[39m[47m[37m░░░░░[39m[49m[1m 72.2% [22m[2m(457/538)[22m
[210D[2A[0J[1mWeb[22m [0m[2mnode_modules/.pnpm/expo-router@6.0.15_5s3jiviqx34lsqiymzqxnr2tua/node_modules/expo-router/[22m[0m[1mentry.js[22m [47m[37m░░░░░░░░░░░░░░░░[39m[49m[1m  0.0% [22m[2m(0/1)[22m
[1mλ[22m [0m[2mnode_modules/.pnpm/expo-router@6.0.15_5s3jiviqx34lsqiymzqxnr2tua/node_modules/expo-router/node/[22m[0m[1mrender.js[22m [32m[42m▓▓▓▓▓▓▓▓▓▓▓▓▓[49m[39m[47m[37m░░░[39m[49m[1m 84.3% [22m[2m(537/585)[22m
[210D[2A[0J[1mWeb[22m [0m[2mnode_modules/.pnpm/expo-router@6.0.15_5s3jiviqx34lsqiymzqxnr2tua/node_modules/expo-router/[22m[0m[1mentry.js[22m [32m[42m▓[49m[39m[47m[37m░░░░░░░░░░░░░░░[39m[49m[1m 11.5% [22m[2m( 74/218)[22m
[1mλ[22m [0m[2mnode_modules/.pnpm/expo-router@6.0.15_5s3jiviqx34lsqiymzqxnr2tua/node_modules/expo-router/node/[22m[0m[1mrender.js[22m [32m[42m▓▓▓▓▓▓▓▓▓▓▓▓▓[49m[39m[47m[37m░░░[39m[49m[1m 84.3% [22m[2m(537/585)[22m
[210D[2A[0J[1mWeb[22m [0m[2mnode_modules/.pnpm/expo-router@6.0.15_5s3jiviqx34lsqiymzqxnr2tua/node_modules/expo-router/[22m[0m[1mentry.js[22m [32m[42m▓[49m[39m[47m[37m░░░░░░░░░░░░░░░[39m[49m[1m 11.5% [22m[2m( 74/218)[22m
[1mλ[22m [0m[2mnode_modules/.pnpm/expo-router@6.0.15_5s3jiviqx34lsqiymzqxnr2tua/node_modules/expo-router/node/[22m[0m[1mrender.js[22m [32m[42m▓▓▓▓▓▓▓▓▓▓▓▓▓▓[49m[39m[47m[37m░░[39m[49m[1m 91.1% [22m[2m(585/613)[22m
[210D[2A[0J[1mWeb[22m [0m[2mnode_modules/.pnpm/expo-router@6.0.15_5s3jiviqx34lsqiymzqxnr2tua/node_modules/expo-router/[22m[0m[1mentry.js[22m [32m[42m▓▓▓▓▓▓[49m[39m[47m[37m░░░░░░░░░░[39m[49m[1m 40.5% [22m[2m(236/371)[22m
[1mλ[22m [0m[2mnode_modules/.pnpm/expo-router@6.0.15_5s3jiviqx34lsqiymzqxnr2tua/node_modules/expo-router/node/[22m[0m[1mrender.js[22m [32m[42m▓▓▓▓▓▓▓▓▓▓▓▓▓▓[49m[39m[47m[37m░░[39m[49m[1m 91.1% [22m[2m(585/613)[22m
[210D[2A[0J[1mWeb[22m [0m[2mnode_modules/.pnpm/expo-router@6.0.15_5s3jiviqx34lsqiymzqxnr2tua/node_modules/expo-router/[22m[0m[1mentry.js[22m [32m[42m▓▓▓▓▓▓▓[49m[39m[47m[37m░░░░░░░░░[39m[49m[1m 46.8% [22m[2m(301/440)[22m
[1mλ[22m [0m[2mnode_modules/.pnpm/expo-router@6.0.15_5s3jiviqx34lsqiymzqxnr2tua/node_modules/expo-router/node/[22m[0m[1mrender.js[22m [32m[42m▓▓▓▓▓▓▓▓▓▓▓▓▓▓[49m[39m[47m[37m░░[39m[49m[1m 91.1% [22m[2m(585/613)[22m
[210D[2A[0J[1mWeb[22m [0m[2mnode_modules/.pnpm/expo-router@6.0.15_5s3jiviqx34lsqiymzqxnr2tua/node_modules/expo-router/[22m[0m[1mentry.js[22m [32m[42m▓▓▓▓▓▓▓[49m[39m[47m[37m░░░░░░░░░[39m[49m[1m 46.8% [22m[2m(301/440)[22m
[1mλ[22m [0m[2mnode_modules/.pnpm/expo-router@6.0.15_5s3jiviqx34lsqiymzqxnr2tua/node_modules/expo-router/node/[22m[0m[1mrender.js[22m [32m[42m▓▓▓▓▓▓▓▓▓▓▓▓▓▓[49m[39m[47m[37m░░[39m[49m[1m 91.1% [22m[2m(634/680)[22m
[210D[2A[0J[1mWeb[22m [0m[2mnode_modules/.pnpm/expo-router@6.0.15_5s3jiviqx34lsqiymzqxnr2tua/node_modules/expo-router/[22m[0m[1mentry.js[22m [32m[42m▓▓▓▓▓▓▓▓▓▓▓[49m[39m[47m[37m░░░░░[39m[49m[1m 73.6% [22m[2m(459/535)[22m
[1mλ[22m [0m[2mnode_modules/.pnpm/expo-router@6.0.15_5s3jiviqx34lsqiymzqxnr2tua/node_modules/expo-router/node/[22m[0m[1mrender.js[22m [32m[42m▓▓▓▓▓▓▓▓▓▓▓▓▓▓[49m[39m[47m[37m░░[39m[49m[1m 91.1% [22m[2m(634/680)[22m
[210D[2A[0J[1mWeb[22m [0m[2mnode_modules/.pnpm/expo-router@6.0.15_5s3jiviqx34lsqiymzqxnr2tua/node_modules/expo-router/[22m[0m[1mentry.js[22m [32m[42m▓▓▓▓▓▓▓▓▓▓▓[49m[39m[47m[37m░░░░░[39m[49m[1m 73.6% [22m[2m(459/535)[22m
[1mλ[22m [0m[2mnode_modules/.pnpm/expo-router@6.0.15_5s3jiviqx34lsqiymzqxnr2tua/node_modules/expo-router/node/[22m[0m[1mrender.js[22m [32m[42m▓▓▓▓▓▓▓▓▓▓▓▓▓▓[49m[39m[47m[37m░░[39m[49m[1m 91.1% [22m[2m(680/740)[22m
[210D[2A[0J[1mWeb[22m [0m[2mnode_modules/.pnpm/expo-router@6.0.15_5s3jiviqx34lsqiymzqxnr2tua/node_modules/expo-router/[22m[0m[1mentry.js[22m [32m[42m▓▓▓▓▓▓▓▓▓▓▓▓[49m[39m[47m[37m░░░░[39m[49m[1m 75.7% [22m[2m(501/576)[22m
[1mλ[22m [0m[2mnode_modules/.pnpm/expo-router@6.0.15_5s3jiviqx34lsqiymzqxnr2tua/node_modules/expo-router/node/[22m[0m[1mrender.js[22m [32m[42m▓▓▓▓▓▓▓▓▓▓▓▓▓▓[49m[39m[47m[37m░░[39m[49m[1m 91.1% [22m[2m(680/740)[22m
[210D[2A[0J[1mWeb[22m [0m[2mnode_modules/.pnpm/expo-router@6.0.15_5s3jiviqx34lsqiymzqxnr2tua/node_modules/expo-router/[22m[0m[1mentry.js[22m [32m[42m▓▓▓▓▓▓▓▓▓▓▓▓[49m[39m[47m[37m░░░░[39m[49m[1m 75.7% [22m[2m(501/576)[22m
[1mλ[22m [0m[2mnode_modules/.pnpm/expo-router@6.0.15_5s3jiviqx34lsqiymzqxnr2tua/node_modules/expo-router/node/[22m[0m[1mrender.js[22m [32m[42m▓▓▓▓▓▓▓▓▓▓▓▓▓▓[49m[39m[47m[37m░░[39m[49m[1m 91.1% [22m[2m(690/776)[22m
[210D[2A[0J[1mWeb[22m [0m[2mnode_modules/.pnpm/expo-router@6.0.15_5s3jiviqx34lsqiymzqxnr2tua/node_modules/expo-router/[22m[0m[1mentry.js[22m [32m[42m▓▓▓▓▓▓▓▓▓▓▓▓[49m[39m[47m[37m░░░░[39m[49m[1m 75.7% [22m[2m(501/576)[22m
[1mλ[22m [0m[2mnode_modules/.pnpm/expo-router@6.0.15_5s3jiviqx34lsqiymzqxnr2tua/node_modules/expo-router/node/[22m[0m[1mrender.js[22m [32m[42m▓▓▓▓▓▓▓▓▓▓▓▓▓▓[49m[39m[47m[37m░░[39m[49m[1m 91.1% [22m[2m( 690/2335)[22m
[210D[2A[0J[1mWeb[22m [0m[2mnode_modules/.pnpm/expo-router@6.0.15_5s3jiviqx34lsqiymzqxnr2tua/node_modules/expo-router/[22m[0m[1mentry.js[22m [32m[42m▓▓▓▓▓▓▓▓▓▓▓▓[49m[39m[47m[37m░░░░[39m[49m[1m 76.0% [22m[2m(502/576)[22m
[1mλ[22m [0m[2mnode_modules/.pnpm/expo-router@6.0.15_5s3jiviqx34lsqiymzqxnr2tua/node_modules/expo-router/node/[22m[0m[1mrender.js[22m [32m[42m▓▓▓▓▓▓▓▓▓▓▓▓▓▓[49m[39m[47m[37m░░[39m[49m[1m 91.1% [22m[2m( 690/2335)[22m
[210D[2A[0J[1mWeb[22m [0m[2mnode_modules/.pnpm/expo-router@6.0.15_5s3jiviqx34lsqiymzqxnr2tua/node_modules/expo-router/[22m[0m[1mentry.js[22m [32m[42m▓▓▓▓▓▓▓▓▓▓▓▓▓[49m[39m[47m[37m░░░[39m[49m[1m 84.2% [22m[2m(555/605)[22m
[1mλ[22m [0m[2mnode_modules/.pnpm/expo-router@6.0.15_5s3jiviqx34lsqiymzqxnr2tua/node_modules/expo-router/node/[22m[0m[1mrender.js[22m [32m[42m▓▓▓▓▓▓▓▓▓▓▓▓▓▓[49m[39m[47m[37m░░[39m[49m[1m 91.1% [22m[2m( 690/2335)[22m
[210D[2A[0J[1mWeb[22m [0m[2mnode_modules/.pnpm/expo-router@6.0.15_5s3jiviqx34lsqiymzqxnr2tua/node_modules/expo-router/[22m[0m[1mentry.js[22m [32m[42m▓▓▓▓▓▓▓▓▓▓▓▓▓[49m[39m[47m[37m░░░[39m[49m[1m 84.2% [22m[2m(555/605)[22m
[1mλ[22m [0m[2mnode_modules/.pnpm/expo-router@6.0.15_5s3jiviqx34lsqiymzqxnr2tua/node_modules/expo-router/node/[22m[0m[1mrender.js[22m [32m[42m▓▓▓▓▓▓▓▓▓▓▓▓▓▓[49m[39m[47m[37m░░[39m[49m[1m 91.1% [22m[2m( 691/2335)[22m
[210D[2A[0J[1mWeb[22m [0m[2mnode_modules/.pnpm/expo-router@6.0.15_5s3jiviqx34lsqiymzqxnr2tua/node_modules/expo-router/[22m[0m[1mentry.js[22m [32m[42m▓▓▓▓▓▓▓▓▓▓▓▓▓[49m[39m[47m[37m░░░[39m[49m[1m 84.2% [22m[2m(555/605)[22m
[1mλ[22m [0m[2mnode_modules/.pnpm/expo-router@6.0.15_5s3jiviqx34lsqiymzqxnr2tua/node_modules/expo-router/node/[22m[0m[1mrender.js[22m [32m[42m▓▓▓▓▓▓▓▓▓▓▓▓▓▓[49m[39m[47m[37m░░[39m[49m[1m 91.1% [22m[2m( 749/2391)[22m
[210D[2A[0J[1mWeb[22m [0m[2mnode_modules/.pnpm/expo-router@6.0.15_5s3jiviqx34lsqiymzqxnr2tua/node_modules/expo-router/[22m[0m[1mentry.js[22m [32m[42m▓▓▓▓▓▓▓▓▓▓▓▓▓[49m[39m[47m[37m░░░[39m[49m[1m 84.2% [22m[2m(569/656)[22m
[1mλ[22m [0m[2mnode_modules/.pnpm/expo-router@6.0.15_5s3jiviqx34lsqiymzqxnr2tua/node_modules/expo-router/node/[22m[0m[1mrender.js[22m [32m[42m▓▓▓▓▓▓▓▓▓▓▓▓▓▓[49m[39m[47m[37m░░[39m[49m[1m 91.1% [22m[2m( 749/2391)[22m
[210D[2A[0J[1mWeb[22m [0m[2mnode_modules/.pnpm/expo-router@6.0.15_5s3jiviqx34lsqiymzqxnr2tua/node_modules/expo-router/[22m[0m[1mentry.js[22m [32m[42m▓▓▓▓▓▓▓▓▓▓▓▓▓[49m[39m[47m[37m░░░[39m[49m[1m 84.2% [22m[2m(570/656)[22m
[1mλ[22m [0m[2mnode_modules/.pnpm/expo-router@6.0.15_5s3jiviqx34lsqiymzqxnr2tua/node_modules/expo-router/node/[22m[0m[1mrender.js[22m [32m[42m▓▓▓▓▓▓▓▓▓▓▓▓▓▓[49m[39m[47m[37m░░[39m[49m[1m 91.1% [22m[2m( 749/2391)[22m
[210D[2A[0J[1mWeb[22m [0m[2mnode_modules/.pnpm/expo-router@6.0.15_5s3jiviqx34lsqiymzqxnr2tua/node_modules/expo-router/[22m[0m[1mentry.js[22m [32m[42m▓▓▓▓▓▓▓▓▓▓▓▓▓[49m[39m[47m[37m░░░[39m[49m[1m 84.2% [22m[2m(570/656)[22m
[1mλ[22m [0m[2mnode_modules/.pnpm/expo-router@6.0.15_5s3jiviqx34lsqiymzqxnr2tua/node_modules/expo-router/node/[22m[0m[1mrender.js[22m [32m[42m▓▓▓▓▓▓▓▓▓▓▓▓▓▓[49m[39m[47m[37m░░[39m[49m[1m 91.1% [22m[2m(1878/2427)[22m
[210D[2A[0J[1mWeb[22m [0m[2mnode_modules/.pnpm/expo-router@6.0.15_5s3jiviqx34lsqiymzqxnr2tua/node_modules/expo-router/[22m[0m[1mentry.js[22m [32m[42m▓▓▓▓▓▓▓▓▓▓▓▓▓[49m[39m[47m[37m░░░[39m[49m[1m 84.2% [22m[2m(570/656)[22m
[1mλ[22m [0m[2mnode_modules/.pnpm/expo-router@6.0.15_5s3jiviqx34lsqiymzqxnr2tua/node_modules/expo-router/node/[22m[0m[1mrender.js[22m [32m[42m▓▓▓▓▓▓▓▓▓▓▓▓▓▓[49m[39m[47m[37m░░[39m[49m[1m 92.1% [22m[2m(2331/2429)[22m
[210D[2A[0J[1mWeb[22m [0m[2mnode_modules/.pnpm/expo-router@6.0.15_5s3jiviqx34lsqiymzqxnr2tua/node_modules/expo-router/[22m[0m[1mentry.js[22m [32m[42m▓▓▓▓▓▓▓▓▓▓▓▓▓[49m[39m[47m[37m░░░[39m[49m[1m 84.2% [22m[2m(570/656)[22m
[1mλ[22m [0m[2mnode_modules/.pnpm/expo-router@6.0.15_5s3jiviqx34lsqiymzqxnr2tua/node_modules/expo-router/node/[22m[0m[1mrender.js[22m [32m[42m▓▓▓▓▓▓▓▓▓▓▓▓▓▓[49m[39m[47m[37m░░[39m[49m[1m 92.2% [22m[2m(2332/2429)[22m
[210D[2A[0J[1mWeb[22m [0m[2mnode_modules/.pnpm/expo-router@6.0.15_5s3jiviqx34lsqiymzqxnr2tua/node_modules/expo-router/[22m[0m[1mentry.js[22m [32m[42m▓▓▓▓▓▓▓▓▓▓▓▓▓[49m[39m[47m[37m░░░[39m[49m[1m 84.2% [22m[2m(618/713)[22m
[1mλ[22m [0m[2mnode_modules/.pnpm/expo-router@6.0.15_5s3jiviqx34lsqiymzqxnr2tua/node_modules/expo-router/node/[22m[0m[1mrender.js[22m [32m[42m▓▓▓▓▓▓▓▓▓▓▓▓▓▓[49m[39m[47m[37m░░[39m[49m[1m 92.2% [22m[2m(2332/2429)[22m
[210D[2A[0J[1mWeb[22m [0m[2mnode_modules/.pnpm/expo-router@6.0.15_5s3jiviqx34lsqiymzqxnr2tua/node_modules/expo-router/[22m[0m[1mentry.js[22m [32m[42m▓▓▓▓▓▓▓▓▓▓▓▓▓[49m[39m[47m[37m░░░[39m[49m[1m 84.2% [22m[2m(652/762)[22m
[1mλ[22m [0m[2mnode_modules/.pnpm/expo-router@6.0.15_5s3jiviqx34lsqiymzqxnr2tua/node_modules/expo-router/node/[22m[0m[1mrender.js[22m [32m[42m▓▓▓▓▓▓▓▓▓▓▓▓▓▓[49m[39m[47m[37m░░[39m[49m[1m 92.2% [22m[2m(2332/2429)[22m
[210D[2A[0J[1mWeb[22m [0m[2mnode_modules/.pnpm/expo-router@6.0.15_5s3jiviqx34lsqiymzqxnr2tua/node_modules/expo-router/[22m[0m[1mentry.js[22m [32m[42m▓▓▓▓▓▓▓▓▓▓▓▓▓[49m[39m[47m[37m░░░[39m[49m[1m 84.2% [22m[2m( 652/2322)[22m
[1mλ[22m [0m[2mnode_modules/.pnpm/expo-router@6.0.15_5s3jiviqx34lsqiymzqxnr2tua/node_modules/expo-router/node/[22m[0m[1mrender.js[22m [32m[42m▓▓▓▓▓▓▓▓▓▓▓▓▓▓▓[49m[39m[47m[37m░[39m[49m[1m 94.1% [22m[2m(2427/2502)[22m
[210D[2A[0J[1mWeb[22m [0m[2mnode_modules/.pnpm/expo-router@6.0.15_5s3jiviqx34lsqiymzqxnr2tua/node_modules/expo-router/[22m[0m[1mentry.js[22m [32m[42m▓▓▓▓▓▓▓▓▓▓▓▓▓[49m[39m[47m[37m░░░[39m[49m[1m 84.2% [22m[2m( 679/2357)[22m
[1mλ[22m [0m[2mnode_modules/.pnpm/expo-router@6.0.15_5s3jiviqx34lsqiymzqxnr2tua/node_modules/expo-router/node/[22m[0m[1mrender.js[22m [32m[42m▓▓▓▓▓▓▓▓▓▓▓▓▓▓▓[49m[39m[47m[37m░[39m[49m[1m 94.1% [22m[2m(2427/2502)[22m
[210D[2A[0J[1mWeb[22m [0m[2mnode_modules/.pnpm/expo-router@6.0.15_5s3jiviqx34lsqiymzqxnr2tua/node_modules/expo-router/[22m[0m[1mentry.js[22m [32m[42m▓▓▓▓▓▓▓▓▓▓▓▓▓[49m[39m[47m[37m░░░[39m[49m[1m 84.2% [22m[2m( 718/2397)[22m
[1mλ[22m [0m[2mnode_modules/.pnpm/expo-router@6.0.15_5s3jiviqx34lsqiymzqxnr2tua/node_modules/expo-router/node/[22m[0m[1mrender.js[22m [32m[42m▓▓▓▓▓▓▓▓▓▓▓▓▓▓▓[49m[39m[47m[37m░[39m[49m[1m 94.1% [22m[2m(2427/2502)[22m
[210D[2A[0J[1mWeb[22m [0m[2mnode_modules/.pnpm/expo-router@6.0.15_5s3jiviqx34lsqiymzqxnr2tua/node_modules/expo-router/[22m[0m[1mentry.js[22m [32m[42m▓▓▓▓▓▓▓▓▓▓▓▓▓[49m[39m[47m[37m░░░[39m[49m[1m 84.2% [22m[2m( 762/2430)[22m
[1mλ[22m [0m[2mnode_modules/.pnpm/expo-router@6.0.15_5s3jiviqx34lsqiymzqxnr2tua/node_modules/expo-router/node/[22m[0m[1mrender.js[22m [32m[42m▓▓▓▓▓▓▓▓▓▓▓▓▓▓▓[49m[39m[47m[37m░[39m[49m[1m 94.1% [22m[2m(2427/2502)[22m
[210D[2A[0J[1mWeb[22m [0m[2mnode_modules/.pnpm/expo-router@6.0.15_5s3jiviqx34lsqiymzqxnr2tua/node_modules/expo-router/[22m[0m[1mentry.js[22m [32m[42m▓▓▓▓▓▓▓▓▓▓▓▓▓[49m[39m[47m[37m░░░[39m[49m[1m 84.2% [22m[2m(1563/2430)[22m
[1mλ[22m [0m[2mnode_modules/.pnpm/expo-router@6.0.15_5s3jiviqx34lsqiymzqxnr2tua/node_modules/expo-router/node/[22m[0m[1mrender.js[22m [32m[42m▓▓▓▓▓▓▓▓▓▓▓▓▓▓▓[49m[39m[47m[37m░[39m[49m[1m 94.1% [22m[2m(2427/2502)[22m
[210D[2A[0J[1mWeb[22m [0m[2mnode_modules/.pnpm/expo-router@6.0.15_5s3jiviqx34lsqiymzqxnr2tua/node_modules/expo-router/[22m[0m[1mentry.js[22m [32m[42m▓▓▓▓▓▓▓▓▓▓▓▓▓[49m[39m[47m[37m░░░[39m[49m[1m 85.2% [22m[2m(2243/2430)[22m
[1mλ[22m [0m[2mnode_modules/.pnpm/expo-router@6.0.15_5s3jiviqx34lsqiymzqxnr2tua/node_modules/expo-router/node/[22m[0m[1mrender.js[22m [32m[42m▓▓▓▓▓▓▓▓▓▓▓▓▓▓▓[49m[39m[47m[37m░[39m[49m[1m 94.1% [22m[2m(2427/2502)[22m
[210D[2A[0J[1mWeb[22m [0m[2mnode_modules/.pnpm/expo-router@6.0.15_5s3jiviqx34lsqiymzqxnr2tua/node_modules/expo-router/[22m[0m[1mentry.js[22m [32m[42m▓▓▓▓▓▓▓▓▓▓▓▓▓▓[49m[39m[47m[37m░░[39m[49m[1m 91.7% [22m[2m(2355/2459)[22m
[1mλ[22m [0m[2mnode_modules/.pnpm/expo-router@6.0.15_5s3jiviqx34lsqiymzqxnr2tua/node_modules/expo-router/node/[22m[0m[1mrender.js[22m [32m[42m▓▓▓▓▓▓▓▓▓▓▓▓▓▓▓[49m[39m[47m[37m░[39m[49m[1m 94.1% [22m[2m(2427/2502)[22m
[210D[2A[0J[1mWeb[22m [0m[2mnode_modules/.pnpm/expo-router@6.0.15_5s3jiviqx34lsqiymzqxnr2tua/node_modules/expo-router/[22m[0m[1mentry.js[22m [32m[42m▓▓▓▓▓▓▓▓▓▓▓▓▓▓[49m[39m[47m[37m░░[39m[49m[1m 91.7% [22m[2m(2355/2459)[22m
[1mλ[22m [0m[2mnode_modules/.pnpm/expo-router@6.0.15_5s3jiviqx34lsqiymzqxnr2tua/node_modules/expo-router/node/[22m[0m[1mrender.js[22m [32m[42m▓▓▓▓▓▓▓▓▓▓▓▓▓▓▓[49m[39m[47m[37m░[39m[49m[1m 97.2% [22m[2m(2512/2548)[22m
[210D[2A[0J[1mWeb[22m [0m[2mnode_modules/.pnpm/expo-router@6.0.15_5s3jiviqx34lsqiymzqxnr2tua/node_modules/expo-router/[22m[0m[1mentry.js[22m [32m[42m▓▓▓▓▓▓▓▓▓▓▓▓▓▓▓[49m[39m[47m[37m░[39m[49m[1m 95.1% [22m[2m(2447/2509)[22m
[1mλ[22m [0m[2mnode_modules/.pnpm/expo-router@6.0.15_5s3jiviqx34lsqiymzqxnr2tua/node_modules/expo-router/node/[22m[0m[1mrender.js[22m [32m[42m▓▓▓▓▓▓▓▓▓▓▓▓▓▓▓[49m[39m[47m[37m░[39m[49m[1m 97.2% [22m[2m(2512/2548)[22m
[210D[2A[0J[1mWeb[22m [0m[2mnode_modules/.pnpm/expo-router@6.0.15_5s3jiviqx34lsqiymzqxnr2tua/node_modules/expo-router/[22m[0m[1mentry.js[22m [32m[42m▓▓▓▓▓▓▓▓▓▓▓▓▓▓▓[49m[39m[47m[37m░[39m[49m[1m 95.1% [22m[2m(2447/2509)[22m
[1mλ[22m [0m[2mnode_modules/.pnpm/expo-router@6.0.15_5s3jiviqx34lsqiymzqxnr2tua/node_modules/expo-router/node/[22m[0m[1mrender.js[22m [32m[42m▓▓▓▓▓▓▓▓▓▓▓▓▓▓▓[49m[39m[47m[37m░[39m[49m[1m 97.7% [22m[2m(2592/2623)[22m
[210D[2A[0J[1mWeb[22m [0m[2mnode_modules/.pnpm/expo-router@6.0.15_5s3jiviqx34lsqiymzqxnr2tua/node_modules/expo-router/[22m[0m[1mentry.js[22m [32m[42m▓▓▓▓▓▓▓▓▓▓▓▓▓▓▓[49m[39m[47m[37m░[39m[49m[1m 95.1% [22m[2m(2447/2509)[22m
[1mλ[22m [0m[2mnode_modules/.pnpm/expo-router@6.0.15_5s3jiviqx34lsqiymzqxnr2tua/node_modules/expo-router/node/[22m[0m[1mrender.js[22m [32m[42m▓▓▓▓▓▓▓▓▓▓▓▓▓▓▓[49m[39m[47m[37m░[39m[49m[1m 97.8% [22m[2m(2623/2652)[22m
[210D[2A[0J[1mWeb[22m [0m[2mnode_modules/.pnpm/expo-router@6.0.15_5s3jiviqx34lsqiymzqxnr2tua/node_modules/expo-router/[22m[0m[1mentry.js[22m [32m[42m▓▓▓▓▓▓▓▓▓▓▓▓▓▓▓[49m[39m[47m[37m░[39m[49m[1m 97.1% [22m[2m(2587/2625)[22m
[1mλ[22m [0m[2mnode_modules/.pnpm/expo-router@6.0.15_5s3jiviqx34lsqiymzqxnr2tua/node_modules/expo-router/node/[22m[0m[1mrender.js[22m [32m[42m▓▓▓▓▓▓▓▓▓▓▓▓▓▓▓[49m[39m[47m[37m░[39m[49m[1m 97.8% [22m[2m(2623/2652)[22m
[210D[2A[0J[1mWeb[22m [0m[2mnode_modules/.pnpm/expo-router@6.0.15_5s3jiviqx34lsqiymzqxnr2tua/node_modules/expo-router/[22m[0m[1mentry.js[22m [32m[42m▓▓▓▓▓▓▓▓▓▓▓▓▓▓▓[49m[39m[47m[37m░[39m[49m[1m 99.3% [22m[2m(2668/2677)[22m
[1mλ[22m [0m[2mnode_modules/.pnpm/expo-router@6.0.15_5s3jiviqx34lsqiymzqxnr2tua/node_modules/expo-router/node/[22m[0m[1mrender.js[22m [32m[42m▓▓▓▓▓▓▓▓▓▓▓▓▓▓▓[49m[39m[47m[37m░[39m[49m[1m 97.8% [22m[2m(2623/2652)[22m
[210D[2A[0J[32m[1mλ[22m Bundled [39m[2m6380ms[22m[0m[2m node_modules/.pnpm/expo-router@6.0.15_5s3jiviqx34lsqiymzqxnr2tua/node_modules/expo-router/node/render.js (2652 modules)[22m[0m
[1mWeb[22m [0m[2mnode_modules/.pnpm/expo-router@6.0.15_5s3jiviqx34lsqiymzqxnr2tua/node_modules/expo-router/[22m[0m[1mentry.js[22m [32m[42m▓▓▓▓▓▓▓▓▓▓▓▓▓▓▓[49m[39m[47m[37m░[39m[49m[1m 99.3% [22m[2m(2668/2677)[22m
[1mλ[22m [0m[2mnode_modules/.pnpm/expo-router@6.0.15_5s3jiviqx34lsqiymzqxnr2tua/node_modules/expo-router/node/[22m[0m[1mrender.js[22m [32m[42m▓▓▓▓▓▓▓▓▓▓▓▓▓▓▓[49m[39m[47m[37m░[39m[49m[1m 97.8% [22m[2m(2623/2652)[22m
[210D[2A[0J[1mWeb[22m [0m[2mnode_modules/.pnpm/expo-router@6.0.15_5s3jiviqx34lsqiymzqxnr2tua/node_modules/expo-router/[22m[0m[1mentry.js[22m [32m[42m▓▓▓▓▓▓▓▓▓▓▓▓▓▓▓[49m[39m[47m[37m░[39m[49m[1m 99.9% [22m[2m(2677/2678)[22m
[210D[1A[0J[1mWeb[22m [0m[2mnode_modules/.pnpm/expo-router@6.0.15_5s3jiviqx34lsqiymzqxnr2tua/node_modules/expo-router/[22m[0m[1mentry.js[22m [32m[42m▓▓▓▓▓▓▓▓▓▓▓▓▓▓▓[49m[39m[47m[37m░[39m[49m[1m 99.9% [22m[2m(2678/2678)[22m
[210D[1A[0J[32m[1mWeb[22m Bundled [39m[2m7296ms[22m[0m[2m node_modules/.pnpm/expo-router@6.0.15_5s3jiviqx34lsqiymzqxnr2tua/node_modules/expo-router/entry.js (2678 modules)[22m[0m
[1mWeb[22m [0m[2mnode_modules/.pnpm/expo-router@6.0.15_5s3jiviqx34lsqiymzqxnr2tua/node_modules/expo-router/[22m[0m[1mentry.js[22m [32m[42m▓▓▓▓▓▓▓▓▓▓▓▓▓▓▓[49m[39m[47m[37m░[39m[49m[1m 99.9% [22m[2m(2678/2678)[22m
[210D[1A[0J[1mλ[22m [0m[2mapps/web/app/api/[22m[0m[1mhuman-stats+api.ts[22m [47m[37m░░░░░░░░░░░░░░░░[39m[49m[1m  0.0% [22m[2m(0/1)[22m
[210D[1A[0J[32m[1mλ[22m Bundled [39m[2m1260ms[22m[0m[2m apps/web/app/api/human-stats+api.ts (1 module)[22m[0m
[1mλ[22m [0m[2mapps/web/app/api/[22m[0m[1mhuman-stats+api.ts[22m [47m[37m░░░░░░░░░░░░░░░░[39m[49m[1m  0.0% [22m[2m(0/1)[22m
[210D[1A[0J
[1m› web bundles (2):[22m
_expo/static/css/web-daebed26a84e9c5f0922bf9e6e1a8f06.css [90m(37.5 kB)[39m
_expo/static/js/web/entry-61dd583fd55b78e958787544975b8445.js [90m(3.96 MB)[39m

[1m› Static routes (10):[22m
/nfts [90m(28.8 kB)[39m
/[90m (index)[39m [90m(21.5 kB)[39m
/terms [90m(21.9 kB)[39m
/canvas [90m(42.2 kB)[39m
/impact [90m(30.9 kB)[39m
/privacy [90m(21.9 kB)[39m
/profile [90m(31 kB)[39m
/_sitemap [90m(18.1 kB)[39m
/+not-found [90m(18.1 kB)[39m
/pdf-download [90m(39.3 kB)[39m

[1m› API routes (1):[22m
/api/human-stats [90m(5.32 kB)[39m [90m(source map [90m(7.27 kB)[39m[90m)[39m

[92mExported: dist[39m
